# JRE version: OpenJDK Runtime Environment (19.0.2+7) (build 19.0.2+7-Ubuntu-0ubuntu322.04)
# Java VM: OpenJDK 64-Bit Server VM (19.0.2+7-Ubuntu-0ubuntu322.04, mixed mode, sharing, tiered, compressed oops, compressed class ptrs, g1 gc, linux-amd64)
GC Precious Log:
 CardTable entry size: 512
 Card Set container configuration: InlinePtr #cards 4 size 8 Array Of Cards #cards 32 size 80 Howl #buckets 8 coarsen threshold 7372 Howl Bitmap #cards 1024 size 144 coarsen threshold 921 Card regions per heap region 1 cards per card region 8192
 CPUs: 6 total, 6 available
 Memory: 23955M
 Large Page Support: Disabled
 NUMA Support: Disabled
 Compressed Oops: Enabled (Zero based)
 Heap Region Size: 4M
 Heap Min Capacity: 8M
 Heap Initial Capacity: 376M
 Heap Max Capacity: 5992M
 Pre-touch: Disabled
 Parallel Workers: 6
 Concurrent Workers: 2
 Concurrent Refinement Workers: 6
 Periodic GC: Disabled
Heap:
 garbage-first heap   total 118784K, used 76621K [0x0000000689800000, 0x0000000800000000)
  region size 4096K, 12 young (49152K), 2 survivors (8192K)
 Metaspace       used 72066K, committed 72640K, reserved 1114112K
  class space    used 9353K, committed 9600K, reserved 1048576K
GC Heap History (20 events):
Event: 0,735 GC heap before
{Heap before GC invocations=2 (full 0):
 garbage-first heap   total 393216K, used 52660K [0x0000000689800000, 0x0000000800000000)
  region size 4096K, 11 young (45056K), 1 survivors (4096K)
 Metaspace       used 15445K, committed 15744K, reserved 1114112K
  class space    used 1811K, committed 1920K, reserved 1048576K
}
Event: 0,738 GC heap after
{Heap after GC invocations=3 (full 0):
 garbage-first heap   total 393216K, used 13952K [0x0000000689800000, 0x0000000800000000)
  region size 4096K, 1 young (4096K), 1 survivors (4096K)
 Metaspace       used 15445K, committed 15744K, reserved 1114112K
  class space    used 1811K, committed 1920K, reserved 1048576K
}
Event: 1,140 GC heap before
{Heap before GC invocations=3 (full 0):
 garbage-first heap   total 393216K, used 54912K [0x0000000689800000, 0x0000000800000000)
  region size 4096K, 12 young (49152K), 1 survivors (4096K)
 Metaspace       used 21270K, committed 21504K, reserved 1114112K
  class space    used 2446K, committed 2560K, reserved 1048576K
}
Event: 1,144 GC heap after
{Heap after GC invocations=4 (full 0):
 garbage-first heap   total 393216K, used 16869K [0x0000000689800000, 0x0000000800000000)
  region size 4096K, 2 young (8192K), 2 survivors (8192K)
 Metaspace       used 21270K, committed 21504K, reserved 1114112K
  class space    used 2446K, committed 2560K, reserved 1048576K
}
Event: 1,678 GC heap before
{Heap before GC invocations=5 (full 0):
 garbage-first heap   total 98304K, used 66021K [0x0000000689800000, 0x0000000800000000)
  region size 4096K, 14 young (57344K), 2 survivors (8192K)
 Metaspace       used 30484K, committed 30848K, reserved 1114112K
  class space    used 3745K, committed 3904K, reserved 1048576K
}
Event: 1,684 GC heap after
{Heap after GC invocations=6 (full 0):
 garbage-first heap   total 98304K, used 21983K [0x0000000689800000, 0x0000000800000000)
  region size 4096K, 2 young (8192K), 2 survivors (8192K)
 Metaspace       used 30484K, committed 30848K, reserved 1114112K
  class space    used 3745K, committed 3904K, reserved 1048576K
}
Event: 1,694 GC heap before
{Heap before GC invocations=6 (full 0):
 garbage-first heap   total 98304K, used 26079K [0x0000000689800000, 0x0000000800000000)
  region size 4096K, 3 young (12288K), 2 survivors (8192K)
 Metaspace       used 30620K, committed 30976K, reserved 1114112K
  class space    used 3752K, committed 3904K, reserved 1048576K
}
Event: 1,701 GC heap after
{Heap after GC invocations=7 (full 0):
 garbage-first heap   total 118784K, used 23325K [0x0000000689800000, 0x0000000800000000)
  region size 4096K, 1 young (4096K), 1 survivors (4096K)
 Metaspace       used 30620K, committed 30976K, reserved 1114112K
  class space    used 3752K, committed 3904K, reserved 1048576K
}
Event: 1,954 GC heap before
{Heap before GC invocations=7 (full 0):
 garbage-first heap   total 118784K, used 68381K [0x0000000689800000, 0x0000000800000000)
  region size 4096K, 13 young (53248K), 1 survivors (4096K)
 Metaspace       used 34738K, committed 35136K, reserved 1114112K
  class space    used 4159K, committed 4352K, reserved 1048576K
}
Event: 1,957 GC heap after
{Heap after GC invocations=8 (full 0):
 garbage-first heap   total 118784K, used 25898K [0x0000000689800000, 0x0000000800000000)
  region size 4096K, 2 young (8192K), 2 survivors (8192K)
 Metaspace       used 34738K, committed 35136K, reserved 1114112K
  class space    used 4159K, committed 4352K, reserved 1048576K
}
Event: 1,986 GC heap before
{Heap before GC invocations=8 (full 0):
 garbage-first heap   total 118784K, used 25898K [0x0000000689800000, 0x0000000800000000)
  region size 4096K, 3 young (12288K), 2 survivors (8192K)
 Metaspace       used 35807K, committed 36160K, reserved 1114112K
  class space    used 4262K, committed 4416K, reserved 1048576K
}
Event: 1,989 GC heap after
{Heap after GC invocations=9 (full 0):
 garbage-first heap   total 118784K, used 26264K [0x0000000689800000, 0x0000000800000000)
  region size 4096K, 2 young (8192K), 2 survivors (8192K)
 Metaspace       used 35807K, committed 36160K, reserved 1114112K
  class space    used 4262K, committed 4416K, reserved 1048576K
}
Event: 2,457 GC heap before
{Heap before GC invocations=10 (full 0):
 garbage-first heap   total 118784K, used 75416K [0x0000000689800000, 0x0000000800000000)
  region size 4096K, 14 young (57344K), 2 survivors (8192K)
 Metaspace       used 49037K, committed 49408K, reserved 1114112K
  class space    used 6231K, committed 6400K, reserved 1048576K
}
Event: 2,461 GC heap after
{Heap after GC invocations=11 (full 0):
 garbage-first heap   total 118784K, used 29094K [0x0000000689800000, 0x0000000800000000)
  region size 4096K, 2 young (8192K), 2 survivors (8192K)
 Metaspace       used 49037K, committed 49408K, reserved 1114112K
  class space    used 6231K, committed 6400K, reserved 1048576K
}
Event: 2,920 GC heap before
{Heap before GC invocations=11 (full 0):
 garbage-first heap   total 118784K, used 82342K [0x0000000689800000, 0x0000000800000000)
  region size 4096K, 15 young (61440K), 2 survivors (8192K)
 Metaspace       used 57722K, committed 58240K, reserved 1114112K
  class space    used 7490K, committed 7744K, reserved 1048576K
}
Event: 2,926 GC heap after
{Heap after GC invocations=12 (full 0):
 garbage-first heap   total 118784K, used 32890K [0x0000000689800000, 0x0000000800000000)
  region size 4096K, 2 young (8192K), 2 survivors (8192K)
 Metaspace       used 57722K, committed 58240K, reserved 1114112K
  class space    used 7490K, committed 7744K, reserved 1048576K
}
Event: 3,063 GC heap before
{Heap before GC invocations=12 (full 0):
 garbage-first heap   total 118784K, used 45178K [0x0000000689800000, 0x0000000800000000)
  region size 4096K, 6 young (24576K), 2 survivors (8192K)
 Metaspace       used 61195K, committed 61568K, reserved 1114112K
  class space    used 7875K, committed 8064K, reserved 1048576K
}
Event: 3,068 GC heap after
{Heap after GC invocations=13 (full 0):
 garbage-first heap   total 118784K, used 35213K [0x0000000689800000, 0x0000000800000000)
  region size 4096K, 2 young (8192K), 2 survivors (8192K)
 Metaspace       used 61195K, committed 61568K, reserved 1114112K
  class space    used 7875K, committed 8064K, reserved 1048576K
}
Event: 3,458 GC heap before
{Heap before GC invocations=14 (full 0):
 garbage-first heap   total 118784K, used 80269K [0x0000000689800000, 0x0000000800000000)
  region size 4096K, 13 young (53248K), 2 survivors (8192K)
 Metaspace       used 67183K, committed 67712K, reserved 1114112K
  class space    used 8759K, committed 9024K, reserved 1048576K
}
Event: 3,464 GC heap after
{Heap after GC invocations=15 (full 0):
 garbage-first heap   total 118784K, used 39757K [0x0000000689800000, 0x0000000800000000)
  region size 4096K, 2 young (8192K), 2 survivors (8192K)
 Metaspace       used 67183K, committed 67712K, reserved 1114112K
  class space    used 8759K, committed 9024K, reserved 1048576K
}

